
*** Running vivado
    with args -log Top.vds -m64 -product Vivado -mode batch -messageDb vivado.pb -notrace -source Top.tcl


****** Vivado v2019.2 (64-bit)
  **** SW Build 2700185 on Thu Oct 24 18:46:05 MDT 2019
  **** IP Build 2699827 on Thu Oct 24 21:16:38 MDT 2019
    ** Copyright 1986-2019 Xilinx, Inc. All Rights Reserved.

source Top.tcl -notrace
Command: synth_design -top Top -part xa7a35tcsg324-2I
Starting synth_design
Attempting to get a license for feature 'Synthesis' and/or device 'xa7a35t'
INFO: [Common 17-349] Got license for feature 'Synthesis' and/or device 'xa7a35t'
INFO: Launching helper process for spawning children vivado processes
INFO: Helper process launched with PID 32168 
---------------------------------------------------------------------------------
Starting Synthesize : Time (s): cpu = 00:00:02 ; elapsed = 00:00:02 . Memory (MB): peak = 713.602 ; gain = 238.039
---------------------------------------------------------------------------------
INFO: [Synth 8-6157] synthesizing module 'Top' [D:/vivado/Multiplier/Multiplier.srcs/sources_1/new/Top.v:23]
WARNING: [Synth 8-567] referenced signal 'rstn' should be on the sensitivity list [D:/vivado/Multiplier/Multiplier.srcs/sources_1/new/Top.v:54]
INFO: [Synth 8-6157] synthesizing module 'PE' [D:/vivado/Multiplier/Multiplier.srcs/sources_1/new/PE.v:23]
INFO: [Synth 8-6157] synthesizing module 'Multiplier' [D:/vivado/Multiplier/Multiplier.srcs/sources_1/new/Multiplier.v:23]
INFO: [Synth 8-6157] synthesizing module 'add_muti' [D:/vivado/Multiplier/Multiplier.srcs/sources_1/new/add_muti.v:23]
INFO: [Synth 8-6155] done synthesizing module 'add_muti' (1#1) [D:/vivado/Multiplier/Multiplier.srcs/sources_1/new/add_muti.v:23]
WARNING: [Synth 8-689] width (8) of port connection 'result' does not match port width (9) of module 'add_muti' [D:/vivado/Multiplier/Multiplier.srcs/sources_1/new/Multiplier.v:41]
INFO: [Synth 8-6155] done synthesizing module 'Multiplier' (2#1) [D:/vivado/Multiplier/Multiplier.srcs/sources_1/new/Multiplier.v:23]
WARNING: [Synth 8-6014] Unused sequential element Alast_reg was removed.  [D:/vivado/Multiplier/Multiplier.srcs/sources_1/new/PE.v:42]
WARNING: [Synth 8-6014] Unused sequential element Blast_reg was removed.  [D:/vivado/Multiplier/Multiplier.srcs/sources_1/new/PE.v:43]
INFO: [Synth 8-6155] done synthesizing module 'PE' (3#1) [D:/vivado/Multiplier/Multiplier.srcs/sources_1/new/PE.v:23]
WARNING: [Synth 8-5856] 3D RAM A1_reg  for this pattern/configuration is not supported. This will most likely be implemented in registers
WARNING: [Synth 8-5856] 3D RAM B1_reg  for this pattern/configuration is not supported. This will most likely be implemented in registers
WARNING: [Synth 8-5856] 3D RAM res_reg  for this pattern/configuration is not supported. This will most likely be implemented in registers
WARNING: [Synth 8-5788] Register result_reg in module Top is has both Set and reset with same priority. This may cause simulation mismatches. Consider rewriting code  [D:/vivado/Multiplier/Multiplier.srcs/sources_1/new/Top.v:67]
INFO: [Synth 8-6155] done synthesizing module 'Top' (4#1) [D:/vivado/Multiplier/Multiplier.srcs/sources_1/new/Top.v:23]
WARNING: [Synth 8-3917] design Top has port A11[10] driven by constant 0
WARNING: [Synth 8-3917] design Top has port A12[10] driven by constant 0
WARNING: [Synth 8-3917] design Top has port A13[10] driven by constant 0
WARNING: [Synth 8-3917] design Top has port A21[10] driven by constant 0
WARNING: [Synth 8-3917] design Top has port A22[10] driven by constant 0
WARNING: [Synth 8-3917] design Top has port A23[10] driven by constant 0
WARNING: [Synth 8-3917] design Top has port A31[10] driven by constant 0
WARNING: [Synth 8-3917] design Top has port A32[10] driven by constant 0
WARNING: [Synth 8-3917] design Top has port A33[10] driven by constant 0
---------------------------------------------------------------------------------
Finished Synthesize : Time (s): cpu = 00:00:03 ; elapsed = 00:00:03 . Memory (MB): peak = 787.066 ; gain = 311.504
---------------------------------------------------------------------------------
---------------------------------------------------------------------------------
Finished Constraint Validation : Time (s): cpu = 00:00:03 ; elapsed = 00:00:03 . Memory (MB): peak = 787.066 ; gain = 311.504
---------------------------------------------------------------------------------
---------------------------------------------------------------------------------
Start Loading Part and Timing Information
---------------------------------------------------------------------------------
Loading part: xa7a35tcsg324-2I
---------------------------------------------------------------------------------
Finished Loading Part and Timing Information : Time (s): cpu = 00:00:03 ; elapsed = 00:00:03 . Memory (MB): peak = 787.066 ; gain = 311.504
---------------------------------------------------------------------------------
INFO: [Device 21-403] Loading part xa7a35tcsg324-2I
WARNING: [Synth 8-327] inferring latch for variable 'res_reg[2][2]' [D:/vivado/Multiplier/Multiplier.srcs/sources_1/new/Top.v:113]
WARNING: [Synth 8-327] inferring latch for variable 'res_reg[2][1]' [D:/vivado/Multiplier/Multiplier.srcs/sources_1/new/Top.v:113]
WARNING: [Synth 8-327] inferring latch for variable 'res_reg[2][0]' [D:/vivado/Multiplier/Multiplier.srcs/sources_1/new/Top.v:113]
WARNING: [Synth 8-327] inferring latch for variable 'res_reg[1][2]' [D:/vivado/Multiplier/Multiplier.srcs/sources_1/new/Top.v:113]
WARNING: [Synth 8-327] inferring latch for variable 'res_reg[1][1]' [D:/vivado/Multiplier/Multiplier.srcs/sources_1/new/Top.v:113]
WARNING: [Synth 8-327] inferring latch for variable 'res_reg[1][0]' [D:/vivado/Multiplier/Multiplier.srcs/sources_1/new/Top.v:113]
WARNING: [Synth 8-327] inferring latch for variable 'res_reg[0][2]' [D:/vivado/Multiplier/Multiplier.srcs/sources_1/new/Top.v:113]
WARNING: [Synth 8-327] inferring latch for variable 'res_reg[0][1]' [D:/vivado/Multiplier/Multiplier.srcs/sources_1/new/Top.v:113]
WARNING: [Synth 8-327] inferring latch for variable 'res_reg[0][0]' [D:/vivado/Multiplier/Multiplier.srcs/sources_1/new/Top.v:113]
---------------------------------------------------------------------------------
Finished RTL Optimization Phase 2 : Time (s): cpu = 00:00:03 ; elapsed = 00:00:03 . Memory (MB): peak = 787.066 ; gain = 311.504
---------------------------------------------------------------------------------

Report RTL Partitions: 
+-+--------------+------------+----------+
| |RTL Partition |Replication |Instances |
+-+--------------+------------+----------+
+-+--------------+------------+----------+
No constraint files found.
---------------------------------------------------------------------------------
Start RTL Component Statistics 
---------------------------------------------------------------------------------
Detailed RTL Component Info : 
+---Adders : 
	   2 Input     10 Bit       Adders := 9     
	   8 Input      8 Bit       Adders := 9     
	   2 Input      4 Bit       Adders := 1     
+---Registers : 
	               90 Bit    Registers := 1     
	                4 Bit    Registers := 19    
	                1 Bit    Registers := 1     
+---Muxes : 
	   2 Input      8 Bit        Muxes := 9     
	   2 Input      7 Bit        Muxes := 9     
	   2 Input      6 Bit        Muxes := 9     
	   2 Input      5 Bit        Muxes := 9     
	   2 Input      4 Bit        Muxes := 11    
	   2 Input      1 Bit        Muxes := 4     
	   9 Input      1 Bit        Muxes := 5     
---------------------------------------------------------------------------------
Finished RTL Component Statistics 
---------------------------------------------------------------------------------
---------------------------------------------------------------------------------
Start RTL Hierarchical Component Statistics 
---------------------------------------------------------------------------------
Hierarchical RTL Component report 
Module Top 
Detailed RTL Component Info : 
+---Adders : 
	   2 Input      4 Bit       Adders := 1     
+---Registers : 
	               90 Bit    Registers := 1     
	                4 Bit    Registers := 1     
	                1 Bit    Registers := 1     
+---Muxes : 
	   2 Input      4 Bit        Muxes := 2     
	   2 Input      1 Bit        Muxes := 4     
	   9 Input      1 Bit        Muxes := 5     
Module add_muti 
Detailed RTL Component Info : 
+---Adders : 
	   8 Input      8 Bit       Adders := 1     
+---Muxes : 
	   2 Input      7 Bit        Muxes := 1     
	   2 Input      6 Bit        Muxes := 1     
	   2 Input      5 Bit        Muxes := 1     
	   2 Input      4 Bit        Muxes := 1     
Module Multiplier 
Detailed RTL Component Info : 
+---Muxes : 
	   2 Input      8 Bit        Muxes := 1     
Module PE 
Detailed RTL Component Info : 
+---Adders : 
	   2 Input     10 Bit       Adders := 1     
+---Registers : 
	                4 Bit    Registers := 2     
---------------------------------------------------------------------------------
Finished RTL Hierarchical Component Statistics
---------------------------------------------------------------------------------
---------------------------------------------------------------------------------
Start Part Resource Summary
---------------------------------------------------------------------------------
Part Resources:
DSPs: 90 (col length:60)
BRAMs: 100 (col length: RAMB18 60 RAMB36 30)
---------------------------------------------------------------------------------
Finished Part Resource Summary
---------------------------------------------------------------------------------
No constraint files found.
---------------------------------------------------------------------------------
Start Cross Boundary and Area Optimization
---------------------------------------------------------------------------------
Warning: Parallel synthesis criteria is not met 
WARNING: [Synth 8-3917] design Top has port A11[10] driven by constant 0
WARNING: [Synth 8-3917] design Top has port A12[10] driven by constant 0
WARNING: [Synth 8-3917] design Top has port A13[10] driven by constant 0
WARNING: [Synth 8-3917] design Top has port A21[10] driven by constant 0
WARNING: [Synth 8-3917] design Top has port A22[10] driven by constant 0
WARNING: [Synth 8-3917] design Top has port A23[10] driven by constant 0
WARNING: [Synth 8-3917] design Top has port A31[10] driven by constant 0
WARNING: [Synth 8-3917] design Top has port A32[10] driven by constant 0
WARNING: [Synth 8-3917] design Top has port A33[10] driven by constant 0
INFO: [Synth 8-3886] merging instance 'res_reg[2][2][0]' (LD) to 'res_reg[2][2][1]'
INFO: [Synth 8-3886] merging instance 'res_reg[2][2][1]' (LD) to 'res_reg[2][2][2]'
INFO: [Synth 8-3886] merging instance 'res_reg[2][2][2]' (LD) to 'res_reg[2][2][3]'
INFO: [Synth 8-3886] merging instance 'res_reg[2][2][3]' (LD) to 'res_reg[2][2][4]'
INFO: [Synth 8-3886] merging instance 'res_reg[2][2][4]' (LD) to 'res_reg[2][2][5]'
INFO: [Synth 8-3886] merging instance 'res_reg[2][2][5]' (LD) to 'res_reg[2][2][6]'
INFO: [Synth 8-3886] merging instance 'res_reg[2][2][6]' (LD) to 'res_reg[2][2][7]'
INFO: [Synth 8-3886] merging instance 'res_reg[2][2][7]' (LD) to 'res_reg[2][2][8]'
INFO: [Synth 8-3886] merging instance 'res_reg[2][2][8]' (LD) to 'res_reg[2][2][9]'
INFO: [Synth 8-3333] propagating constant 0 across sequential element (\res_reg[2][2][9] )
INFO: [Synth 8-3886] merging instance 'res_reg[2][1][0]' (LD) to 'res_reg[2][1][1]'
INFO: [Synth 8-3886] merging instance 'res_reg[2][1][1]' (LD) to 'res_reg[2][1][2]'
INFO: [Synth 8-3886] merging instance 'res_reg[2][1][2]' (LD) to 'res_reg[2][1][3]'
INFO: [Synth 8-3886] merging instance 'res_reg[2][1][3]' (LD) to 'res_reg[2][1][4]'
INFO: [Synth 8-3886] merging instance 'res_reg[2][1][4]' (LD) to 'res_reg[2][1][5]'
INFO: [Synth 8-3886] merging instance 'res_reg[2][1][5]' (LD) to 'res_reg[2][1][6]'
INFO: [Synth 8-3886] merging instance 'res_reg[2][1][6]' (LD) to 'res_reg[2][1][7]'
INFO: [Synth 8-3886] merging instance 'res_reg[2][1][7]' (LD) to 'res_reg[2][1][8]'
INFO: [Synth 8-3886] merging instance 'res_reg[2][1][8]' (LD) to 'res_reg[2][1][9]'
INFO: [Synth 8-3886] merging instance 'res_reg[2][1][9]' (LD) to 'res_reg[1][2][0]'
INFO: [Synth 8-3886] merging instance 'res_reg[2][0][0]' (LD) to 'res_reg[2][0][1]'
INFO: [Synth 8-3886] merging instance 'res_reg[2][0][1]' (LD) to 'res_reg[2][0][2]'
INFO: [Synth 8-3886] merging instance 'res_reg[2][0][2]' (LD) to 'res_reg[2][0][3]'
INFO: [Synth 8-3886] merging instance 'res_reg[2][0][3]' (LD) to 'res_reg[2][0][4]'
INFO: [Synth 8-3886] merging instance 'res_reg[2][0][4]' (LD) to 'res_reg[2][0][5]'
INFO: [Synth 8-3886] merging instance 'res_reg[2][0][5]' (LD) to 'res_reg[2][0][6]'
INFO: [Synth 8-3886] merging instance 'res_reg[2][0][6]' (LD) to 'res_reg[2][0][7]'
INFO: [Synth 8-3886] merging instance 'res_reg[2][0][7]' (LD) to 'res_reg[2][0][8]'
INFO: [Synth 8-3886] merging instance 'res_reg[2][0][8]' (LD) to 'res_reg[2][0][9]'
INFO: [Synth 8-3886] merging instance 'res_reg[2][0][9]' (LD) to 'res_reg[1][1][0]'
INFO: [Synth 8-3886] merging instance 'res_reg[1][2][0]' (LD) to 'res_reg[1][2][1]'
INFO: [Synth 8-3886] merging instance 'res_reg[1][2][1]' (LD) to 'res_reg[1][2][2]'
INFO: [Synth 8-3886] merging instance 'res_reg[1][2][2]' (LD) to 'res_reg[1][2][3]'
INFO: [Synth 8-3886] merging instance 'res_reg[1][2][3]' (LD) to 'res_reg[1][2][4]'
INFO: [Synth 8-3886] merging instance 'res_reg[1][2][4]' (LD) to 'res_reg[1][2][5]'
INFO: [Synth 8-3886] merging instance 'res_reg[1][2][5]' (LD) to 'res_reg[1][2][6]'
INFO: [Synth 8-3886] merging instance 'res_reg[1][2][6]' (LD) to 'res_reg[1][2][7]'
INFO: [Synth 8-3886] merging instance 'res_reg[1][2][7]' (LD) to 'res_reg[1][2][8]'
INFO: [Synth 8-3886] merging instance 'res_reg[1][2][8]' (LD) to 'res_reg[1][2][9]'
INFO: [Synth 8-3333] propagating constant 0 across sequential element (\res_reg[1][2][9] )
INFO: [Synth 8-3886] merging instance 'res_reg[1][1][0]' (LD) to 'res_reg[1][1][1]'
INFO: [Synth 8-3886] merging instance 'res_reg[1][1][1]' (LD) to 'res_reg[1][1][2]'
INFO: [Synth 8-3886] merging instance 'res_reg[1][1][2]' (LD) to 'res_reg[1][1][3]'
INFO: [Synth 8-3886] merging instance 'res_reg[1][1][3]' (LD) to 'res_reg[1][1][4]'
INFO: [Synth 8-3886] merging instance 'res_reg[1][1][4]' (LD) to 'res_reg[1][1][5]'
INFO: [Synth 8-3886] merging instance 'res_reg[1][1][5]' (LD) to 'res_reg[1][1][6]'
INFO: [Synth 8-3886] merging instance 'res_reg[1][1][6]' (LD) to 'res_reg[1][1][7]'
INFO: [Synth 8-3886] merging instance 'res_reg[1][1][7]' (LD) to 'res_reg[1][1][8]'
INFO: [Synth 8-3886] merging instance 'res_reg[1][1][8]' (LD) to 'res_reg[1][1][9]'
INFO: [Synth 8-3886] merging instance 'res_reg[1][1][9]' (LD) to 'res_reg[0][2][0]'
INFO: [Synth 8-3886] merging instance 'res_reg[1][0][0]' (LD) to 'res_reg[0][1][9]'
INFO: [Synth 8-3886] merging instance 'res_reg[1][0][1]' (LD) to 'res_reg[0][1][9]'
INFO: [Synth 8-3886] merging instance 'res_reg[1][0][2]' (LD) to 'res_reg[0][1][9]'
INFO: [Synth 8-3886] merging instance 'res_reg[1][0][3]' (LD) to 'res_reg[0][1][9]'
INFO: [Synth 8-3886] merging instance 'res_reg[1][0][4]' (LD) to 'res_reg[0][1][9]'
INFO: [Synth 8-3886] merging instance 'res_reg[1][0][5]' (LD) to 'res_reg[0][1][9]'
INFO: [Synth 8-3886] merging instance 'res_reg[1][0][6]' (LD) to 'res_reg[0][1][9]'
INFO: [Synth 8-3886] merging instance 'res_reg[1][0][7]' (LD) to 'res_reg[0][1][9]'
INFO: [Synth 8-3886] merging instance 'res_reg[1][0][8]' (LD) to 'res_reg[0][1][9]'
INFO: [Synth 8-3886] merging instance 'res_reg[1][0][9]' (LD) to 'res_reg[0][1][9]'
INFO: [Synth 8-3886] merging instance 'res_reg[0][2][0]' (LD) to 'res_reg[0][2][1]'
INFO: [Synth 8-3886] merging instance 'res_reg[0][2][1]' (LD) to 'res_reg[0][2][2]'
INFO: [Synth 8-3886] merging instance 'res_reg[0][2][2]' (LD) to 'res_reg[0][2][3]'
INFO: [Synth 8-3886] merging instance 'res_reg[0][2][3]' (LD) to 'res_reg[0][2][4]'
INFO: [Synth 8-3886] merging instance 'res_reg[0][2][4]' (LD) to 'res_reg[0][2][5]'
INFO: [Synth 8-3886] merging instance 'res_reg[0][2][5]' (LD) to 'res_reg[0][2][6]'
INFO: [Synth 8-3886] merging instance 'res_reg[0][2][6]' (LD) to 'res_reg[0][2][7]'
INFO: [Synth 8-3886] merging instance 'res_reg[0][2][7]' (LD) to 'res_reg[0][2][8]'
INFO: [Synth 8-3886] merging instance 'res_reg[0][2][8]' (LD) to 'res_reg[0][2][9]'
INFO: [Synth 8-3333] propagating constant 0 across sequential element (\res_reg[0][2][9] )
INFO: [Synth 8-3886] merging instance 'res_reg[0][1][0]' (LD) to 'res_reg[0][1][9]'
INFO: [Synth 8-3886] merging instance 'res_reg[0][1][1]' (LD) to 'res_reg[0][1][9]'
INFO: [Synth 8-3886] merging instance 'res_reg[0][1][2]' (LD) to 'res_reg[0][1][9]'
INFO: [Synth 8-3886] merging instance 'res_reg[0][1][3]' (LD) to 'res_reg[0][1][9]'
INFO: [Synth 8-3886] merging instance 'res_reg[0][1][4]' (LD) to 'res_reg[0][1][9]'
INFO: [Synth 8-3886] merging instance 'res_reg[0][1][5]' (LD) to 'res_reg[0][1][9]'
INFO: [Synth 8-3886] merging instance 'res_reg[0][1][6]' (LD) to 'res_reg[0][1][9]'
INFO: [Synth 8-3886] merging instance 'res_reg[0][1][7]' (LD) to 'res_reg[0][1][9]'
INFO: [Synth 8-3886] merging instance 'res_reg[0][1][8]' (LD) to 'res_reg[0][1][9]'
INFO: [Synth 8-3333] propagating constant 0 across sequential element (\res_reg[0][1][9] )
INFO: [Synth 8-3886] merging instance 'res_reg[0][0][0]' (LD) to 'res_reg[0][0][1]'
INFO: [Synth 8-3886] merging instance 'res_reg[0][0][1]' (LD) to 'res_reg[0][0][2]'
INFO: [Synth 8-3886] merging instance 'res_reg[0][0][2]' (LD) to 'res_reg[0][0][3]'
INFO: [Synth 8-3886] merging instance 'res_reg[0][0][3]' (LD) to 'res_reg[0][0][4]'
INFO: [Synth 8-3886] merging instance 'res_reg[0][0][4]' (LD) to 'res_reg[0][0][5]'
INFO: [Synth 8-3886] merging instance 'res_reg[0][0][5]' (LD) to 'res_reg[0][0][6]'
INFO: [Synth 8-3886] merging instance 'res_reg[0][0][6]' (LD) to 'res_reg[0][0][7]'
INFO: [Synth 8-3886] merging instance 'res_reg[0][0][7]' (LD) to 'res_reg[0][0][8]'
INFO: [Synth 8-3886] merging instance 'res_reg[0][0][8]' (LD) to 'res_reg[0][0][9]'
INFO: [Synth 8-3333] propagating constant 0 across sequential element (\res_reg[0][0][9] )
INFO: [Synth 8-3886] merging instance 'result_reg[0]' (FDE) to 'result_reg[1]'
INFO: [Synth 8-3886] merging instance 'result_reg[1]' (FDE) to 'result_reg[2]'
INFO: [Synth 8-3886] merging instance 'result_reg[2]' (FDE) to 'result_reg[3]'
INFO: [Synth 8-3886] merging instance 'result_reg[3]' (FDE) to 'result_reg[4]'
INFO: [Synth 8-3886] merging instance 'result_reg[4]' (FDE) to 'result_reg[5]'
INFO: [Synth 8-3886] merging instance 'result_reg[5]' (FDE) to 'result_reg[6]'
INFO: [Synth 8-3886] merging instance 'result_reg[6]' (FDE) to 'result_reg[7]'
INFO: [Synth 8-3886] merging instance 'result_reg[7]' (FDE) to 'result_reg[8]'
INFO: [Synth 8-3886] merging instance 'result_reg[8]' (FDE) to 'result_reg[9]'
INFO: [Synth 8-3886] merging instance 'result_reg[9]' (FDE) to 'result_reg[10]'
INFO: [Synth 8-3886] merging instance 'result_reg[10]' (FDE) to 'result_reg[11]'
INFO: [Synth 8-3886] merging instance 'result_reg[11]' (FDE) to 'result_reg[12]'
INFO: [Synth 8-3886] merging instance 'result_reg[12]' (FDE) to 'result_reg[13]'
INFO: [Synth 8-3886] merging instance 'result_reg[13]' (FDE) to 'result_reg[14]'
INFO: [Synth 8-3886] merging instance 'result_reg[14]' (FDE) to 'result_reg[15]'
INFO: [Common 17-14] Message 'Synth 8-3886' appears 100 times and further instances of the messages will be disabled. Use the Tcl command set_msg_config to change the current settings.
INFO: [Synth 8-3333] propagating constant 0 across sequential element (\result_reg[89] )
CRITICAL WARNING: [Synth 8-6859] multi-driven net on pin Q with 1st driver pin 'PE_11/res_reg_reg[9]/Q' [D:/vivado/Multiplier/Multiplier.srcs/sources_1/new/PE.v:59]
CRITICAL WARNING: [Synth 8-6859] multi-driven net on pin Q with 2nd driver pin 'GND' [D:/vivado/Multiplier/Multiplier.srcs/sources_1/new/PE.v:59]
CRITICAL WARNING: [Synth 8-6858] multi-driven net Q is connected to at least one constant driver which has been preserved, other driver is ignored [D:/vivado/Multiplier/Multiplier.srcs/sources_1/new/PE.v:59]
CRITICAL WARNING: [Synth 8-6859] multi-driven net on pin Q with 1st driver pin 'PE_11/res_reg_reg[8]/Q' [D:/vivado/Multiplier/Multiplier.srcs/sources_1/new/PE.v:59]
CRITICAL WARNING: [Synth 8-6859] multi-driven net on pin Q with 2nd driver pin 'GND' [D:/vivado/Multiplier/Multiplier.srcs/sources_1/new/PE.v:59]
CRITICAL WARNING: [Synth 8-6858] multi-driven net Q is connected to at least one constant driver which has been preserved, other driver is ignored [D:/vivado/Multiplier/Multiplier.srcs/sources_1/new/PE.v:59]
CRITICAL WARNING: [Synth 8-6859] multi-driven net on pin Q with 1st driver pin 'PE_11/res_reg_reg[7]__0/Q' [D:/vivado/Multiplier/Multiplier.srcs/sources_1/new/PE.v:46]
CRITICAL WARNING: [Synth 8-6859] multi-driven net on pin Q with 2nd driver pin 'GND' [D:/vivado/Multiplier/Multiplier.srcs/sources_1/new/PE.v:46]
CRITICAL WARNING: [Synth 8-6858] multi-driven net Q is connected to at least one constant driver which has been preserved, other driver is ignored [D:/vivado/Multiplier/Multiplier.srcs/sources_1/new/PE.v:46]
CRITICAL WARNING: [Synth 8-6859] multi-driven net on pin Q with 1st driver pin 'PE_11/res_reg_reg[6]__0/Q' [D:/vivado/Multiplier/Multiplier.srcs/sources_1/new/PE.v:46]
CRITICAL WARNING: [Synth 8-6859] multi-driven net on pin Q with 2nd driver pin 'GND' [D:/vivado/Multiplier/Multiplier.srcs/sources_1/new/PE.v:46]
CRITICAL WARNING: [Synth 8-6858] multi-driven net Q is connected to at least one constant driver which has been preserved, other driver is ignored [D:/vivado/Multiplier/Multiplier.srcs/sources_1/new/PE.v:46]
CRITICAL WARNING: [Synth 8-6859] multi-driven net on pin Q with 1st driver pin 'PE_11/res_reg_reg[5]__0/Q' [D:/vivado/Multiplier/Multiplier.srcs/sources_1/new/PE.v:46]
CRITICAL WARNING: [Synth 8-6859] multi-driven net on pin Q with 2nd driver pin 'GND' [D:/vivado/Multiplier/Multiplier.srcs/sources_1/new/PE.v:46]
CRITICAL WARNING: [Synth 8-6858] multi-driven net Q is connected to at least one constant driver which has been preserved, other driver is ignored [D:/vivado/Multiplier/Multiplier.srcs/sources_1/new/PE.v:46]
CRITICAL WARNING: [Synth 8-6859] multi-driven net on pin Q with 1st driver pin 'PE_11/res_reg_reg[4]__0/Q' [D:/vivado/Multiplier/Multiplier.srcs/sources_1/new/PE.v:46]
CRITICAL WARNING: [Synth 8-6859] multi-driven net on pin Q with 2nd driver pin 'GND' [D:/vivado/Multiplier/Multiplier.srcs/sources_1/new/PE.v:46]
CRITICAL WARNING: [Synth 8-6858] multi-driven net Q is connected to at least one constant driver which has been preserved, other driver is ignored [D:/vivado/Multiplier/Multiplier.srcs/sources_1/new/PE.v:46]
CRITICAL WARNING: [Synth 8-6859] multi-driven net on pin Q with 1st driver pin 'PE_11/res_reg_reg[3]__0/Q' [D:/vivado/Multiplier/Multiplier.srcs/sources_1/new/PE.v:46]
CRITICAL WARNING: [Synth 8-6859] multi-driven net on pin Q with 2nd driver pin 'GND' [D:/vivado/Multiplier/Multiplier.srcs/sources_1/new/PE.v:46]
CRITICAL WARNING: [Synth 8-6858] multi-driven net Q is connected to at least one constant driver which has been preserved, other driver is ignored [D:/vivado/Multiplier/Multiplier.srcs/sources_1/new/PE.v:46]
CRITICAL WARNING: [Synth 8-6859] multi-driven net on pin Q with 1st driver pin 'PE_11/res_reg_reg[2]__0/Q' [D:/vivado/Multiplier/Multiplier.srcs/sources_1/new/PE.v:46]
CRITICAL WARNING: [Synth 8-6859] multi-driven net on pin Q with 2nd driver pin 'GND' [D:/vivado/Multiplier/Multiplier.srcs/sources_1/new/PE.v:46]
CRITICAL WARNING: [Synth 8-6858] multi-driven net Q is connected to at least one constant driver which has been preserved, other driver is ignored [D:/vivado/Multiplier/Multiplier.srcs/sources_1/new/PE.v:46]
CRITICAL WARNING: [Synth 8-6859] multi-driven net on pin Q with 1st driver pin 'PE_11/res_reg_reg[1]__0/Q' [D:/vivado/Multiplier/Multiplier.srcs/sources_1/new/PE.v:46]
CRITICAL WARNING: [Synth 8-6859] multi-driven net on pin Q with 2nd driver pin 'GND' [D:/vivado/Multiplier/Multiplier.srcs/sources_1/new/PE.v:46]
CRITICAL WARNING: [Synth 8-6858] multi-driven net Q is connected to at least one constant driver which has been preserved, other driver is ignored [D:/vivado/Multiplier/Multiplier.srcs/sources_1/new/PE.v:46]
CRITICAL WARNING: [Synth 8-6859] multi-driven net on pin Q with 1st driver pin 'PE_11/res_reg_reg[0]__0/Q' [D:/vivado/Multiplier/Multiplier.srcs/sources_1/new/PE.v:46]
CRITICAL WARNING: [Synth 8-6859] multi-driven net on pin Q with 2nd driver pin 'GND' [D:/vivado/Multiplier/Multiplier.srcs/sources_1/new/PE.v:46]
CRITICAL WARNING: [Synth 8-6858] multi-driven net Q is connected to at least one constant driver which has been preserved, other driver is ignored [D:/vivado/Multiplier/Multiplier.srcs/sources_1/new/PE.v:46]
CRITICAL WARNING: [Synth 8-6859] multi-driven net on pin Q with 1st driver pin 'PE_12/res_reg_reg[9]/Q' [D:/vivado/Multiplier/Multiplier.srcs/sources_1/new/PE.v:59]
CRITICAL WARNING: [Synth 8-6859] multi-driven net on pin Q with 2nd driver pin 'GND' [D:/vivado/Multiplier/Multiplier.srcs/sources_1/new/PE.v:59]
CRITICAL WARNING: [Synth 8-6858] multi-driven net Q is connected to at least one constant driver which has been preserved, other driver is ignored [D:/vivado/Multiplier/Multiplier.srcs/sources_1/new/PE.v:59]
CRITICAL WARNING: [Synth 8-6859] multi-driven net on pin Q with 1st driver pin 'PE_12/res_reg_reg[8]/Q' [D:/vivado/Multiplier/Multiplier.srcs/sources_1/new/PE.v:59]
CRITICAL WARNING: [Synth 8-6859] multi-driven net on pin Q with 2nd driver pin 'GND' [D:/vivado/Multiplier/Multiplier.srcs/sources_1/new/PE.v:59]
CRITICAL WARNING: [Synth 8-6858] multi-driven net Q is connected to at least one constant driver which has been preserved, other driver is ignored [D:/vivado/Multiplier/Multiplier.srcs/sources_1/new/PE.v:59]
CRITICAL WARNING: [Synth 8-6859] multi-driven net on pin Q with 1st driver pin 'PE_12/res_reg_reg[7]__0/Q' [D:/vivado/Multiplier/Multiplier.srcs/sources_1/new/PE.v:46]
CRITICAL WARNING: [Synth 8-6859] multi-driven net on pin Q with 2nd driver pin 'GND' [D:/vivado/Multiplier/Multiplier.srcs/sources_1/new/PE.v:46]
CRITICAL WARNING: [Synth 8-6858] multi-driven net Q is connected to at least one constant driver which has been preserved, other driver is ignored [D:/vivado/Multiplier/Multiplier.srcs/sources_1/new/PE.v:46]
CRITICAL WARNING: [Synth 8-6859] multi-driven net on pin Q with 1st driver pin 'PE_12/res_reg_reg[6]__0/Q' [D:/vivado/Multiplier/Multiplier.srcs/sources_1/new/PE.v:46]
CRITICAL WARNING: [Synth 8-6859] multi-driven net on pin Q with 2nd driver pin 'GND' [D:/vivado/Multiplier/Multiplier.srcs/sources_1/new/PE.v:46]
CRITICAL WARNING: [Synth 8-6858] multi-driven net Q is connected to at least one constant driver which has been preserved, other driver is ignored [D:/vivado/Multiplier/Multiplier.srcs/sources_1/new/PE.v:46]
CRITICAL WARNING: [Synth 8-6859] multi-driven net on pin Q with 1st driver pin 'PE_12/res_reg_reg[5]__0/Q' [D:/vivado/Multiplier/Multiplier.srcs/sources_1/new/PE.v:46]
CRITICAL WARNING: [Synth 8-6859] multi-driven net on pin Q with 2nd driver pin 'GND' [D:/vivado/Multiplier/Multiplier.srcs/sources_1/new/PE.v:46]
CRITICAL WARNING: [Synth 8-6858] multi-driven net Q is connected to at least one constant driver which has been preserved, other driver is ignored [D:/vivado/Multiplier/Multiplier.srcs/sources_1/new/PE.v:46]
CRITICAL WARNING: [Synth 8-6859] multi-driven net on pin Q with 1st driver pin 'PE_12/res_reg_reg[4]__0/Q' [D:/vivado/Multiplier/Multiplier.srcs/sources_1/new/PE.v:46]
CRITICAL WARNING: [Synth 8-6859] multi-driven net on pin Q with 2nd driver pin 'GND' [D:/vivado/Multiplier/Multiplier.srcs/sources_1/new/PE.v:46]
CRITICAL WARNING: [Synth 8-6858] multi-driven net Q is connected to at least one constant driver which has been preserved, other driver is ignored [D:/vivado/Multiplier/Multiplier.srcs/sources_1/new/PE.v:46]
CRITICAL WARNING: [Synth 8-6859] multi-driven net on pin Q with 1st driver pin 'PE_12/res_reg_reg[3]__0/Q' [D:/vivado/Multiplier/Multiplier.srcs/sources_1/new/PE.v:46]
CRITICAL WARNING: [Synth 8-6859] multi-driven net on pin Q with 2nd driver pin 'GND' [D:/vivado/Multiplier/Multiplier.srcs/sources_1/new/PE.v:46]
CRITICAL WARNING: [Synth 8-6858] multi-driven net Q is connected to at least one constant driver which has been preserved, other driver is ignored [D:/vivado/Multiplier/Multiplier.srcs/sources_1/new/PE.v:46]
CRITICAL WARNING: [Synth 8-6859] multi-driven net on pin Q with 1st driver pin 'PE_12/res_reg_reg[2]__0/Q' [D:/vivado/Multiplier/Multiplier.srcs/sources_1/new/PE.v:46]
CRITICAL WARNING: [Synth 8-6859] multi-driven net on pin Q with 2nd driver pin 'GND' [D:/vivado/Multiplier/Multiplier.srcs/sources_1/new/PE.v:46]
CRITICAL WARNING: [Synth 8-6858] multi-driven net Q is connected to at least one constant driver which has been preserved, other driver is ignored [D:/vivado/Multiplier/Multiplier.srcs/sources_1/new/PE.v:46]
CRITICAL WARNING: [Synth 8-6859] multi-driven net on pin Q with 1st driver pin 'PE_12/res_reg_reg[1]__0/Q' [D:/vivado/Multiplier/Multiplier.srcs/sources_1/new/PE.v:46]
CRITICAL WARNING: [Synth 8-6859] multi-driven net on pin Q with 2nd driver pin 'GND' [D:/vivado/Multiplier/Multiplier.srcs/sources_1/new/PE.v:46]
CRITICAL WARNING: [Synth 8-6858] multi-driven net Q is connected to at least one constant driver which has been preserved, other driver is ignored [D:/vivado/Multiplier/Multiplier.srcs/sources_1/new/PE.v:46]
CRITICAL WARNING: [Synth 8-6859] multi-driven net on pin Q with 1st driver pin 'PE_12/res_reg_reg[0]__0/Q' [D:/vivado/Multiplier/Multiplier.srcs/sources_1/new/PE.v:46]
CRITICAL WARNING: [Synth 8-6859] multi-driven net on pin Q with 2nd driver pin 'GND' [D:/vivado/Multiplier/Multiplier.srcs/sources_1/new/PE.v:46]
CRITICAL WARNING: [Synth 8-6858] multi-driven net Q is connected to at least one constant driver which has been preserved, other driver is ignored [D:/vivado/Multiplier/Multiplier.srcs/sources_1/new/PE.v:46]
CRITICAL WARNING: [Synth 8-6859] multi-driven net on pin Q with 1st driver pin 'PE_13/res_reg_reg[9]/Q' [D:/vivado/Multiplier/Multiplier.srcs/sources_1/new/PE.v:59]
CRITICAL WARNING: [Synth 8-6859] multi-driven net on pin Q with 2nd driver pin 'GND' [D:/vivado/Multiplier/Multiplier.srcs/sources_1/new/PE.v:59]
CRITICAL WARNING: [Synth 8-6858] multi-driven net Q is connected to at least one constant driver which has been preserved, other driver is ignored [D:/vivado/Multiplier/Multiplier.srcs/sources_1/new/PE.v:59]
CRITICAL WARNING: [Synth 8-6859] multi-driven net on pin Q with 1st driver pin 'PE_13/res_reg_reg[8]/Q' [D:/vivado/Multiplier/Multiplier.srcs/sources_1/new/PE.v:59]
CRITICAL WARNING: [Synth 8-6859] multi-driven net on pin Q with 2nd driver pin 'GND' [D:/vivado/Multiplier/Multiplier.srcs/sources_1/new/PE.v:59]
CRITICAL WARNING: [Synth 8-6858] multi-driven net Q is connected to at least one constant driver which has been preserved, other driver is ignored [D:/vivado/Multiplier/Multiplier.srcs/sources_1/new/PE.v:59]
CRITICAL WARNING: [Synth 8-6859] multi-driven net on pin Q with 1st driver pin 'PE_13/res_reg_reg[7]__0/Q' [D:/vivado/Multiplier/Multiplier.srcs/sources_1/new/PE.v:46]
CRITICAL WARNING: [Synth 8-6859] multi-driven net on pin Q with 2nd driver pin 'GND' [D:/vivado/Multiplier/Multiplier.srcs/sources_1/new/PE.v:46]
CRITICAL WARNING: [Synth 8-6858] multi-driven net Q is connected to at least one constant driver which has been preserved, other driver is ignored [D:/vivado/Multiplier/Multiplier.srcs/sources_1/new/PE.v:46]
CRITICAL WARNING: [Synth 8-6859] multi-driven net on pin Q with 1st driver pin 'PE_13/res_reg_reg[6]__0/Q' [D:/vivado/Multiplier/Multiplier.srcs/sources_1/new/PE.v:46]
CRITICAL WARNING: [Synth 8-6859] multi-driven net on pin Q with 2nd driver pin 'GND' [D:/vivado/Multiplier/Multiplier.srcs/sources_1/new/PE.v:46]
CRITICAL WARNING: [Synth 8-6858] multi-driven net Q is connected to at least one constant driver which has been preserved, other driver is ignored [D:/vivado/Multiplier/Multiplier.srcs/sources_1/new/PE.v:46]
CRITICAL WARNING: [Synth 8-6859] multi-driven net on pin Q with 1st driver pin 'PE_13/res_reg_reg[5]__0/Q' [D:/vivado/Multiplier/Multiplier.srcs/sources_1/new/PE.v:46]
CRITICAL WARNING: [Synth 8-6859] multi-driven net on pin Q with 2nd driver pin 'GND' [D:/vivado/Multiplier/Multiplier.srcs/sources_1/new/PE.v:46]
CRITICAL WARNING: [Synth 8-6858] multi-driven net Q is connected to at least one constant driver which has been preserved, other driver is ignored [D:/vivado/Multiplier/Multiplier.srcs/sources_1/new/PE.v:46]
CRITICAL WARNING: [Synth 8-6859] multi-driven net on pin Q with 1st driver pin 'PE_13/res_reg_reg[4]__0/Q' [D:/vivado/Multiplier/Multiplier.srcs/sources_1/new/PE.v:46]
CRITICAL WARNING: [Synth 8-6859] multi-driven net on pin Q with 2nd driver pin 'GND' [D:/vivado/Multiplier/Multiplier.srcs/sources_1/new/PE.v:46]
CRITICAL WARNING: [Synth 8-6858] multi-driven net Q is connected to at least one constant driver which has been preserved, other driver is ignored [D:/vivado/Multiplier/Multiplier.srcs/sources_1/new/PE.v:46]
CRITICAL WARNING: [Synth 8-6859] multi-driven net on pin Q with 1st driver pin 'PE_13/res_reg_reg[3]__0/Q' [D:/vivado/Multiplier/Multiplier.srcs/sources_1/new/PE.v:46]
CRITICAL WARNING: [Synth 8-6859] multi-driven net on pin Q with 2nd driver pin 'GND' [D:/vivado/Multiplier/Multiplier.srcs/sources_1/new/PE.v:46]
CRITICAL WARNING: [Synth 8-6858] multi-driven net Q is connected to at least one constant driver which has been preserved, other driver is ignored [D:/vivado/Multiplier/Multiplier.srcs/sources_1/new/PE.v:46]
CRITICAL WARNING: [Synth 8-6859] multi-driven net on pin Q with 1st driver pin 'PE_13/res_reg_reg[2]__0/Q' [D:/vivado/Multiplier/Multiplier.srcs/sources_1/new/PE.v:46]
CRITICAL WARNING: [Synth 8-6859] multi-driven net on pin Q with 2nd driver pin 'GND' [D:/vivado/Multiplier/Multiplier.srcs/sources_1/new/PE.v:46]
CRITICAL WARNING: [Synth 8-6858] multi-driven net Q is connected to at least one constant driver which has been preserved, other driver is ignored [D:/vivado/Multiplier/Multiplier.srcs/sources_1/new/PE.v:46]
CRITICAL WARNING: [Synth 8-6859] multi-driven net on pin Q with 1st driver pin 'PE_13/res_reg_reg[1]__0/Q' [D:/vivado/Multiplier/Multiplier.srcs/sources_1/new/PE.v:46]
CRITICAL WARNING: [Synth 8-6859] multi-driven net on pin Q with 2nd driver pin 'GND' [D:/vivado/Multiplier/Multiplier.srcs/sources_1/new/PE.v:46]
CRITICAL WARNING: [Synth 8-6858] multi-driven net Q is connected to at least one constant driver which has been preserved, other driver is ignored [D:/vivado/Multiplier/Multiplier.srcs/sources_1/new/PE.v:46]
CRITICAL WARNING: [Synth 8-6859] multi-driven net on pin Q with 1st driver pin 'PE_13/res_reg_reg[0]__0/Q' [D:/vivado/Multiplier/Multiplier.srcs/sources_1/new/PE.v:46]
CRITICAL WARNING: [Synth 8-6859] multi-driven net on pin Q with 2nd driver pin 'GND' [D:/vivado/Multiplier/Multiplier.srcs/sources_1/new/PE.v:46]
CRITICAL WARNING: [Synth 8-6858] multi-driven net Q is connected to at least one constant driver which has been preserved, other driver is ignored [D:/vivado/Multiplier/Multiplier.srcs/sources_1/new/PE.v:46]
CRITICAL WARNING: [Synth 8-6859] multi-driven net on pin Q with 1st driver pin 'PE_21/res_reg_reg[9]/Q' [D:/vivado/Multiplier/Multiplier.srcs/sources_1/new/PE.v:59]
CRITICAL WARNING: [Synth 8-6859] multi-driven net on pin Q with 2nd driver pin 'GND' [D:/vivado/Multiplier/Multiplier.srcs/sources_1/new/PE.v:59]
CRITICAL WARNING: [Synth 8-6858] multi-driven net Q is connected to at least one constant driver which has been preserved, other driver is ignored [D:/vivado/Multiplier/Multiplier.srcs/sources_1/new/PE.v:59]
CRITICAL WARNING: [Synth 8-6859] multi-driven net on pin Q with 1st driver pin 'PE_21/res_reg_reg[8]/Q' [D:/vivado/Multiplier/Multiplier.srcs/sources_1/new/PE.v:59]
CRITICAL WARNING: [Synth 8-6859] multi-driven net on pin Q with 2nd driver pin 'GND' [D:/vivado/Multiplier/Multiplier.srcs/sources_1/new/PE.v:59]
CRITICAL WARNING: [Synth 8-6858] multi-driven net Q is connected to at least one constant driver which has been preserved, other driver is ignored [D:/vivado/Multiplier/Multiplier.srcs/sources_1/new/PE.v:59]
CRITICAL WARNING: [Synth 8-6859] multi-driven net on pin Q with 1st driver pin 'PE_21/res_reg_reg[7]__0/Q' [D:/vivado/Multiplier/Multiplier.srcs/sources_1/new/PE.v:46]
CRITICAL WARNING: [Synth 8-6859] multi-driven net on pin Q with 2nd driver pin 'GND' [D:/vivado/Multiplier/Multiplier.srcs/sources_1/new/PE.v:46]
CRITICAL WARNING: [Synth 8-6858] multi-driven net Q is connected to at least one constant driver which has been preserved, other driver is ignored [D:/vivado/Multiplier/Multiplier.srcs/sources_1/new/PE.v:46]
CRITICAL WARNING: [Synth 8-6859] multi-driven net on pin Q with 1st driver pin 'PE_21/res_reg_reg[6]__0/Q' [D:/vivado/Multiplier/Multiplier.srcs/sources_1/new/PE.v:46]
CRITICAL WARNING: [Synth 8-6859] multi-driven net on pin Q with 2nd driver pin 'GND' [D:/vivado/Multiplier/Multiplier.srcs/sources_1/new/PE.v:46]
CRITICAL WARNING: [Synth 8-6858] multi-driven net Q is connected to at least one constant driver which has been preserved, other driver is ignored [D:/vivado/Multiplier/Multiplier.srcs/sources_1/new/PE.v:46]
CRITICAL WARNING: [Synth 8-6859] multi-driven net on pin Q with 1st driver pin 'PE_21/res_reg_reg[5]__0/Q' [D:/vivado/Multiplier/Multiplier.srcs/sources_1/new/PE.v:46]
CRITICAL WARNING: [Synth 8-6859] multi-driven net on pin Q with 2nd driver pin 'GND' [D:/vivado/Multiplier/Multiplier.srcs/sources_1/new/PE.v:46]
CRITICAL WARNING: [Synth 8-6858] multi-driven net Q is connected to at least one constant driver which has been preserved, other driver is ignored [D:/vivado/Multiplier/Multiplier.srcs/sources_1/new/PE.v:46]
CRITICAL WARNING: [Synth 8-6859] multi-driven net on pin Q with 1st driver pin 'PE_21/res_reg_reg[4]__0/Q' [D:/vivado/Multiplier/Multiplier.srcs/sources_1/new/PE.v:46]
CRITICAL WARNING: [Synth 8-6859] multi-driven net on pin Q with 2nd driver pin 'GND' [D:/vivado/Multiplier/Multiplier.srcs/sources_1/new/PE.v:46]
CRITICAL WARNING: [Synth 8-6858] multi-driven net Q is connected to at least one constant driver which has been preserved, other driver is ignored [D:/vivado/Multiplier/Multiplier.srcs/sources_1/new/PE.v:46]
CRITICAL WARNING: [Synth 8-6859] multi-driven net on pin Q with 1st driver pin 'PE_21/res_reg_reg[3]__0/Q' [D:/vivado/Multiplier/Multiplier.srcs/sources_1/new/PE.v:46]
CRITICAL WARNING: [Synth 8-6859] multi-driven net on pin Q with 2nd driver pin 'GND' [D:/vivado/Multiplier/Multiplier.srcs/sources_1/new/PE.v:46]
CRITICAL WARNING: [Synth 8-6858] multi-driven net Q is connected to at least one constant driver which has been preserved, other driver is ignored [D:/vivado/Multiplier/Multiplier.srcs/sources_1/new/PE.v:46]
CRITICAL WARNING: [Synth 8-6859] multi-driven net on pin Q with 1st driver pin 'PE_21/res_reg_reg[2]__0/Q' [D:/vivado/Multiplier/Multiplier.srcs/sources_1/new/PE.v:46]
CRITICAL WARNING: [Synth 8-6859] multi-driven net on pin Q with 2nd driver pin 'GND' [D:/vivado/Multiplier/Multiplier.srcs/sources_1/new/PE.v:46]
CRITICAL WARNING: [Synth 8-6858] multi-driven net Q is connected to at least one constant driver which has been preserved, other driver is ignored [D:/vivado/Multiplier/Multiplier.srcs/sources_1/new/PE.v:46]
CRITICAL WARNING: [Synth 8-6859] multi-driven net on pin Q with 1st driver pin 'PE_21/res_reg_reg[1]__0/Q' [D:/vivado/Multiplier/Multiplier.srcs/sources_1/new/PE.v:46]
CRITICAL WARNING: [Synth 8-6859] multi-driven net on pin Q with 2nd driver pin 'GND' [D:/vivado/Multiplier/Multiplier.srcs/sources_1/new/PE.v:46]
CRITICAL WARNING: [Synth 8-6858] multi-driven net Q is connected to at least one constant driver which has been preserved, other driver is ignored [D:/vivado/Multiplier/Multiplier.srcs/sources_1/new/PE.v:46]
CRITICAL WARNING: [Synth 8-6859] multi-driven net on pin Q with 1st driver pin 'PE_21/res_reg_reg[0]__0/Q' [D:/vivado/Multiplier/Multiplier.srcs/sources_1/new/PE.v:46]
CRITICAL WARNING: [Synth 8-6859] multi-driven net on pin Q with 2nd driver pin 'GND' [D:/vivado/Multiplier/Multiplier.srcs/sources_1/new/PE.v:46]
CRITICAL WARNING: [Synth 8-6858] multi-driven net Q is connected to at least one constant driver which has been preserved, other driver is ignored [D:/vivado/Multiplier/Multiplier.srcs/sources_1/new/PE.v:46]
CRITICAL WARNING: [Synth 8-6859] multi-driven net on pin Q with 1st driver pin 'PE_22/res_reg_reg[9]/Q' [D:/vivado/Multiplier/Multiplier.srcs/sources_1/new/PE.v:59]
CRITICAL WARNING: [Synth 8-6859] multi-driven net on pin Q with 2nd driver pin 'GND' [D:/vivado/Multiplier/Multiplier.srcs/sources_1/new/PE.v:59]
CRITICAL WARNING: [Synth 8-6858] multi-driven net Q is connected to at least one constant driver which has been preserved, other driver is ignored [D:/vivado/Multiplier/Multiplier.srcs/sources_1/new/PE.v:59]
CRITICAL WARNING: [Synth 8-6859] multi-driven net on pin Q with 1st driver pin 'PE_22/res_reg_reg[8]/Q' [D:/vivado/Multiplier/Multiplier.srcs/sources_1/new/PE.v:59]
CRITICAL WARNING: [Synth 8-6859] multi-driven net on pin Q with 2nd driver pin 'GND' [D:/vivado/Multiplier/Multiplier.srcs/sources_1/new/PE.v:59]
CRITICAL WARNING: [Synth 8-6858] multi-driven net Q is connected to at least one constant driver which has been preserved, other driver is ignored [D:/vivado/Multiplier/Multiplier.srcs/sources_1/new/PE.v:59]
CRITICAL WARNING: [Synth 8-6859] multi-driven net on pin Q with 1st driver pin 'PE_22/res_reg_reg[7]__0/Q' [D:/vivado/Multiplier/Multiplier.srcs/sources_1/new/PE.v:46]
CRITICAL WARNING: [Synth 8-6859] multi-driven net on pin Q with 2nd driver pin 'GND' [D:/vivado/Multiplier/Multiplier.srcs/sources_1/new/PE.v:46]
CRITICAL WARNING: [Synth 8-6858] multi-driven net Q is connected to at least one constant driver which has been preserved, other driver is ignored [D:/vivado/Multiplier/Multiplier.srcs/sources_1/new/PE.v:46]
CRITICAL WARNING: [Synth 8-6859] multi-driven net on pin Q with 1st driver pin 'PE_22/res_reg_reg[6]__0/Q' [D:/vivado/Multiplier/Multiplier.srcs/sources_1/new/PE.v:46]
CRITICAL WARNING: [Synth 8-6859] multi-driven net on pin Q with 2nd driver pin 'GND' [D:/vivado/Multiplier/Multiplier.srcs/sources_1/new/PE.v:46]
CRITICAL WARNING: [Synth 8-6858] multi-driven net Q is connected to at least one constant driver which has been preserved, other driver is ignored [D:/vivado/Multiplier/Multiplier.srcs/sources_1/new/PE.v:46]
CRITICAL WARNING: [Synth 8-6859] multi-driven net on pin Q with 1st driver pin 'PE_22/res_reg_reg[5]__0/Q' [D:/vivado/Multiplier/Multiplier.srcs/sources_1/new/PE.v:46]
CRITICAL WARNING: [Synth 8-6859] multi-driven net on pin Q with 2nd driver pin 'GND' [D:/vivado/Multiplier/Multiplier.srcs/sources_1/new/PE.v:46]
CRITICAL WARNING: [Synth 8-6858] multi-driven net Q is connected to at least one constant driver which has been preserved, other driver is ignored [D:/vivado/Multiplier/Multiplier.srcs/sources_1/new/PE.v:46]
CRITICAL WARNING: [Synth 8-6859] multi-driven net on pin Q with 1st driver pin 'PE_22/res_reg_reg[4]__0/Q' [D:/vivado/Multiplier/Multiplier.srcs/sources_1/new/PE.v:46]
CRITICAL WARNING: [Synth 8-6859] multi-driven net on pin Q with 2nd driver pin 'GND' [D:/vivado/Multiplier/Multiplier.srcs/sources_1/new/PE.v:46]
CRITICAL WARNING: [Synth 8-6858] multi-driven net Q is connected to at least one constant driver which has been preserved, other driver is ignored [D:/vivado/Multiplier/Multiplier.srcs/sources_1/new/PE.v:46]
CRITICAL WARNING: [Synth 8-6859] multi-driven net on pin Q with 1st driver pin 'PE_22/res_reg_reg[3]__0/Q' [D:/vivado/Multiplier/Multiplier.srcs/sources_1/new/PE.v:46]
CRITICAL WARNING: [Synth 8-6859] multi-driven net on pin Q with 2nd driver pin 'GND' [D:/vivado/Multiplier/Multiplier.srcs/sources_1/new/PE.v:46]
CRITICAL WARNING: [Synth 8-6858] multi-driven net Q is connected to at least one constant driver which has been preserved, other driver is ignored [D:/vivado/Multiplier/Multiplier.srcs/sources_1/new/PE.v:46]
CRITICAL WARNING: [Synth 8-6859] multi-driven net on pin Q with 1st driver pin 'PE_22/res_reg_reg[2]__0/Q' [D:/vivado/Multiplier/Multiplier.srcs/sources_1/new/PE.v:46]
CRITICAL WARNING: [Synth 8-6859] multi-driven net on pin Q with 2nd driver pin 'GND' [D:/vivado/Multiplier/Multiplier.srcs/sources_1/new/PE.v:46]
CRITICAL WARNING: [Synth 8-6858] multi-driven net Q is connected to at least one constant driver which has been preserved, other driver is ignored [D:/vivado/Multiplier/Multiplier.srcs/sources_1/new/PE.v:46]
CRITICAL WARNING: [Synth 8-6859] multi-driven net on pin Q with 1st driver pin 'PE_22/res_reg_reg[1]__0/Q' [D:/vivado/Multiplier/Multiplier.srcs/sources_1/new/PE.v:46]
CRITICAL WARNING: [Synth 8-6859] multi-driven net on pin Q with 2nd driver pin 'GND' [D:/vivado/Multiplier/Multiplier.srcs/sources_1/new/PE.v:46]
CRITICAL WARNING: [Synth 8-6858] multi-driven net Q is connected to at least one constant driver which has been preserved, other driver is ignored [D:/vivado/Multiplier/Multiplier.srcs/sources_1/new/PE.v:46]
CRITICAL WARNING: [Synth 8-6859] multi-driven net on pin Q with 1st driver pin 'PE_22/res_reg_reg[0]__0/Q' [D:/vivado/Multiplier/Multiplier.srcs/sources_1/new/PE.v:46]
CRITICAL WARNING: [Synth 8-6859] multi-driven net on pin Q with 2nd driver pin 'GND' [D:/vivado/Multiplier/Multiplier.srcs/sources_1/new/PE.v:46]
INFO: [Common 17-14] Message 'Synth 8-6859' appears 100 times and further instances of the messages will be disabled. Use the Tcl command set_msg_config to change the current settings.
CRITICAL WARNING: [Synth 8-6858] multi-driven net Q is connected to at least one constant driver which has been preserved, other driver is ignored [D:/vivado/Multiplier/Multiplier.srcs/sources_1/new/PE.v:46]
CRITICAL WARNING: [Synth 8-6858] multi-driven net Q is connected to at least one constant driver which has been preserved, other driver is ignored [D:/vivado/Multiplier/Multiplier.srcs/sources_1/new/PE.v:59]
CRITICAL WARNING: [Synth 8-6858] multi-driven net Q is connected to at least one constant driver which has been preserved, other driver is ignored [D:/vivado/Multiplier/Multiplier.srcs/sources_1/new/PE.v:59]
CRITICAL WARNING: [Synth 8-6858] multi-driven net Q is connected to at least one constant driver which has been preserved, other driver is ignored [D:/vivado/Multiplier/Multiplier.srcs/sources_1/new/PE.v:46]
CRITICAL WARNING: [Synth 8-6858] multi-driven net Q is connected to at least one constant driver which has been preserved, other driver is ignored [D:/vivado/Multiplier/Multiplier.srcs/sources_1/new/PE.v:46]
CRITICAL WARNING: [Synth 8-6858] multi-driven net Q is connected to at least one constant driver which has been preserved, other driver is ignored [D:/vivado/Multiplier/Multiplier.srcs/sources_1/new/PE.v:46]
CRITICAL WARNING: [Synth 8-6858] multi-driven net Q is connected to at least one constant driver which has been preserved, other driver is ignored [D:/vivado/Multiplier/Multiplier.srcs/sources_1/new/PE.v:46]
CRITICAL WARNING: [Synth 8-6858] multi-driven net Q is connected to at least one constant driver which has been preserved, other driver is ignored [D:/vivado/Multiplier/Multiplier.srcs/sources_1/new/PE.v:46]
CRITICAL WARNING: [Synth 8-6858] multi-driven net Q is connected to at least one constant driver which has been preserved, other driver is ignored [D:/vivado/Multiplier/Multiplier.srcs/sources_1/new/PE.v:46]
CRITICAL WARNING: [Synth 8-6858] multi-driven net Q is connected to at least one constant driver which has been preserved, other driver is ignored [D:/vivado/Multiplier/Multiplier.srcs/sources_1/new/PE.v:46]
CRITICAL WARNING: [Synth 8-6858] multi-driven net Q is connected to at least one constant driver which has been preserved, other driver is ignored [D:/vivado/Multiplier/Multiplier.srcs/sources_1/new/PE.v:46]
CRITICAL WARNING: [Synth 8-6858] multi-driven net Q is connected to at least one constant driver which has been preserved, other driver is ignored [D:/vivado/Multiplier/Multiplier.srcs/sources_1/new/PE.v:59]
CRITICAL WARNING: [Synth 8-6858] multi-driven net Q is connected to at least one constant driver which has been preserved, other driver is ignored [D:/vivado/Multiplier/Multiplier.srcs/sources_1/new/PE.v:59]
CRITICAL WARNING: [Synth 8-6858] multi-driven net Q is connected to at least one constant driver which has been preserved, other driver is ignored [D:/vivado/Multiplier/Multiplier.srcs/sources_1/new/PE.v:46]
CRITICAL WARNING: [Synth 8-6858] multi-driven net Q is connected to at least one constant driver which has been preserved, other driver is ignored [D:/vivado/Multiplier/Multiplier.srcs/sources_1/new/PE.v:46]
CRITICAL WARNING: [Synth 8-6858] multi-driven net Q is connected to at least one constant driver which has been preserved, other driver is ignored [D:/vivado/Multiplier/Multiplier.srcs/sources_1/new/PE.v:46]
CRITICAL WARNING: [Synth 8-6858] multi-driven net Q is connected to at least one constant driver which has been preserved, other driver is ignored [D:/vivado/Multiplier/Multiplier.srcs/sources_1/new/PE.v:46]
CRITICAL WARNING: [Synth 8-6858] multi-driven net Q is connected to at least one constant driver which has been preserved, other driver is ignored [D:/vivado/Multiplier/Multiplier.srcs/sources_1/new/PE.v:46]
CRITICAL WARNING: [Synth 8-6858] multi-driven net Q is connected to at least one constant driver which has been preserved, other driver is ignored [D:/vivado/Multiplier/Multiplier.srcs/sources_1/new/PE.v:46]
CRITICAL WARNING: [Synth 8-6858] multi-driven net Q is connected to at least one constant driver which has been preserved, other driver is ignored [D:/vivado/Multiplier/Multiplier.srcs/sources_1/new/PE.v:46]
CRITICAL WARNING: [Synth 8-6858] multi-driven net Q is connected to at least one constant driver which has been preserved, other driver is ignored [D:/vivado/Multiplier/Multiplier.srcs/sources_1/new/PE.v:46]
CRITICAL WARNING: [Synth 8-6858] multi-driven net Q is connected to at least one constant driver which has been preserved, other driver is ignored [D:/vivado/Multiplier/Multiplier.srcs/sources_1/new/PE.v:59]
CRITICAL WARNING: [Synth 8-6858] multi-driven net Q is connected to at least one constant driver which has been preserved, other driver is ignored [D:/vivado/Multiplier/Multiplier.srcs/sources_1/new/PE.v:59]
CRITICAL WARNING: [Synth 8-6858] multi-driven net Q is connected to at least one constant driver which has been preserved, other driver is ignored [D:/vivado/Multiplier/Multiplier.srcs/sources_1/new/PE.v:46]
CRITICAL WARNING: [Synth 8-6858] multi-driven net Q is connected to at least one constant driver which has been preserved, other driver is ignored [D:/vivado/Multiplier/Multiplier.srcs/sources_1/new/PE.v:46]
CRITICAL WARNING: [Synth 8-6858] multi-driven net Q is connected to at least one constant driver which has been preserved, other driver is ignored [D:/vivado/Multiplier/Multiplier.srcs/sources_1/new/PE.v:46]
CRITICAL WARNING: [Synth 8-6858] multi-driven net Q is connected to at least one constant driver which has been preserved, other driver is ignored [D:/vivado/Multiplier/Multiplier.srcs/sources_1/new/PE.v:46]
CRITICAL WARNING: [Synth 8-6858] multi-driven net Q is connected to at least one constant driver which has been preserved, other driver is ignored [D:/vivado/Multiplier/Multiplier.srcs/sources_1/new/PE.v:46]
CRITICAL WARNING: [Synth 8-6858] multi-driven net Q is connected to at least one constant driver which has been preserved, other driver is ignored [D:/vivado/Multiplier/Multiplier.srcs/sources_1/new/PE.v:46]
CRITICAL WARNING: [Synth 8-6858] multi-driven net Q is connected to at least one constant driver which has been preserved, other driver is ignored [D:/vivado/Multiplier/Multiplier.srcs/sources_1/new/PE.v:46]
CRITICAL WARNING: [Synth 8-6858] multi-driven net Q is connected to at least one constant driver which has been preserved, other driver is ignored [D:/vivado/Multiplier/Multiplier.srcs/sources_1/new/PE.v:46]
CRITICAL WARNING: [Synth 8-6858] multi-driven net Q is connected to at least one constant driver which has been preserved, other driver is ignored [D:/vivado/Multiplier/Multiplier.srcs/sources_1/new/PE.v:59]
CRITICAL WARNING: [Synth 8-6858] multi-driven net Q is connected to at least one constant driver which has been preserved, other driver is ignored [D:/vivado/Multiplier/Multiplier.srcs/sources_1/new/PE.v:59]
CRITICAL WARNING: [Synth 8-6858] multi-driven net Q is connected to at least one constant driver which has been preserved, other driver is ignored [D:/vivado/Multiplier/Multiplier.srcs/sources_1/new/PE.v:46]
CRITICAL WARNING: [Synth 8-6858] multi-driven net Q is connected to at least one constant driver which has been preserved, other driver is ignored [D:/vivado/Multiplier/Multiplier.srcs/sources_1/new/PE.v:46]
CRITICAL WARNING: [Synth 8-6858] multi-driven net Q is connected to at least one constant driver which has been preserved, other driver is ignored [D:/vivado/Multiplier/Multiplier.srcs/sources_1/new/PE.v:46]
CRITICAL WARNING: [Synth 8-6858] multi-driven net Q is connected to at least one constant driver which has been preserved, other driver is ignored [D:/vivado/Multiplier/Multiplier.srcs/sources_1/new/PE.v:46]
CRITICAL WARNING: [Synth 8-6858] multi-driven net Q is connected to at least one constant driver which has been preserved, other driver is ignored [D:/vivado/Multiplier/Multiplier.srcs/sources_1/new/PE.v:46]
CRITICAL WARNING: [Synth 8-6858] multi-driven net Q is connected to at least one constant driver which has been preserved, other driver is ignored [D:/vivado/Multiplier/Multiplier.srcs/sources_1/new/PE.v:46]
CRITICAL WARNING: [Synth 8-6858] multi-driven net Q is connected to at least one constant driver which has been preserved, other driver is ignored [D:/vivado/Multiplier/Multiplier.srcs/sources_1/new/PE.v:46]
CRITICAL WARNING: [Synth 8-6858] multi-driven net Q is connected to at least one constant driver which has been preserved, other driver is ignored [D:/vivado/Multiplier/Multiplier.srcs/sources_1/new/PE.v:46]
WARNING: [Synth 8-3332] Sequential element (res_reg[2][2][9]) is unused and will be removed from module Top.
WARNING: [Synth 8-3332] Sequential element (res_reg[0][0][9]) is unused and will be removed from module Top.
WARNING: [Synth 8-3332] Sequential element (res_reg[1][2][9]) is unused and will be removed from module Top.
WARNING: [Synth 8-3332] Sequential element (res_reg[0][1][9]) is unused and will be removed from module Top.
WARNING: [Synth 8-3332] Sequential element (res_reg[0][2][9]) is unused and will be removed from module Top.
---------------------------------------------------------------------------------
Finished Cross Boundary and Area Optimization : Time (s): cpu = 00:00:05 ; elapsed = 00:00:06 . Memory (MB): peak = 936.660 ; gain = 461.098
---------------------------------------------------------------------------------

Report RTL Partitions: 
+-+--------------+------------+----------+
| |RTL Partition |Replication |Instances |
+-+--------------+------------+----------+
+-+--------------+------------+----------+
No constraint files found.
---------------------------------------------------------------------------------
Start Timing Optimization
---------------------------------------------------------------------------------
---------------------------------------------------------------------------------
Finished Timing Optimization : Time (s): cpu = 00:00:05 ; elapsed = 00:00:06 . Memory (MB): peak = 936.660 ; gain = 461.098
---------------------------------------------------------------------------------

Report RTL Partitions: 
+-+--------------+------------+----------+
| |RTL Partition |Replication |Instances |
+-+--------------+------------+----------+
+-+--------------+------------+----------+
---------------------------------------------------------------------------------
Start Technology Mapping
---------------------------------------------------------------------------------
---------------------------------------------------------------------------------
Finished Technology Mapping : Time (s): cpu = 00:00:05 ; elapsed = 00:00:06 . Memory (MB): peak = 936.660 ; gain = 461.098
---------------------------------------------------------------------------------

Report RTL Partitions: 
+-+--------------+------------+----------+
| |RTL Partition |Replication |Instances |
+-+--------------+------------+----------+
+-+--------------+------------+----------+
---------------------------------------------------------------------------------
Start IO Insertion
---------------------------------------------------------------------------------
---------------------------------------------------------------------------------
Start Flattening Before IO Insertion
---------------------------------------------------------------------------------
---------------------------------------------------------------------------------
Finished Flattening Before IO Insertion
---------------------------------------------------------------------------------
---------------------------------------------------------------------------------
Start Final Netlist Cleanup
---------------------------------------------------------------------------------
---------------------------------------------------------------------------------
Finished Final Netlist Cleanup
---------------------------------------------------------------------------------
---------------------------------------------------------------------------------
Finished IO Insertion : Time (s): cpu = 00:00:07 ; elapsed = 00:00:08 . Memory (MB): peak = 936.660 ; gain = 461.098
---------------------------------------------------------------------------------
---------------------------------------------------------------------------------
Start Renaming Generated Instances
---------------------------------------------------------------------------------
---------------------------------------------------------------------------------
Finished Renaming Generated Instances : Time (s): cpu = 00:00:07 ; elapsed = 00:00:08 . Memory (MB): peak = 936.660 ; gain = 461.098
---------------------------------------------------------------------------------

Report RTL Partitions: 
+-+--------------+------------+----------+
| |RTL Partition |Replication |Instances |
+-+--------------+------------+----------+
+-+--------------+------------+----------+

Report Check Netlist: 
+------+------------------+-------+---------+-------+------------------+
|      |Item              |Errors |Warnings |Status |Description       |
+------+------------------+-------+---------+-------+------------------+
|1     |multi_driven_nets |      0|        0|Passed |Multi driven nets |
+------+------------------+-------+---------+-------+------------------+
---------------------------------------------------------------------------------
Start Rebuilding User Hierarchy
---------------------------------------------------------------------------------
---------------------------------------------------------------------------------
Finished Rebuilding User Hierarchy : Time (s): cpu = 00:00:07 ; elapsed = 00:00:08 . Memory (MB): peak = 936.660 ; gain = 461.098
---------------------------------------------------------------------------------
---------------------------------------------------------------------------------
Start Renaming Generated Ports
---------------------------------------------------------------------------------
---------------------------------------------------------------------------------
Finished Renaming Generated Ports : Time (s): cpu = 00:00:07 ; elapsed = 00:00:08 . Memory (MB): peak = 936.660 ; gain = 461.098
---------------------------------------------------------------------------------
---------------------------------------------------------------------------------
Start Handling Custom Attributes
---------------------------------------------------------------------------------
---------------------------------------------------------------------------------
Finished Handling Custom Attributes : Time (s): cpu = 00:00:07 ; elapsed = 00:00:08 . Memory (MB): peak = 936.660 ; gain = 461.098
---------------------------------------------------------------------------------
---------------------------------------------------------------------------------
Start Renaming Generated Nets
---------------------------------------------------------------------------------
---------------------------------------------------------------------------------
Finished Renaming Generated Nets : Time (s): cpu = 00:00:07 ; elapsed = 00:00:08 . Memory (MB): peak = 936.660 ; gain = 461.098
---------------------------------------------------------------------------------
---------------------------------------------------------------------------------
Start Writing Synthesis Report
---------------------------------------------------------------------------------

Report BlackBoxes: 
+-+--------------+----------+
| |BlackBox name |Instances |
+-+--------------+----------+
+-+--------------+----------+

Report Cell Usage: 
+------+-----+------+
|      |Cell |Count |
+------+-----+------+
|1     |OBUF |   189|
+------+-----+------+

Report Instance Areas: 
+------+---------+-------+------+
|      |Instance |Module |Cells |
+------+---------+-------+------+
|1     |top      |       |   189|
+------+---------+-------+------+
---------------------------------------------------------------------------------
Finished Writing Synthesis Report : Time (s): cpu = 00:00:07 ; elapsed = 00:00:08 . Memory (MB): peak = 936.660 ; gain = 461.098
---------------------------------------------------------------------------------
Synthesis finished with 0 errors, 272 critical warnings and 40 warnings.
Synthesis Optimization Runtime : Time (s): cpu = 00:00:07 ; elapsed = 00:00:08 . Memory (MB): peak = 936.660 ; gain = 461.098
Synthesis Optimization Complete : Time (s): cpu = 00:00:07 ; elapsed = 00:00:08 . Memory (MB): peak = 936.660 ; gain = 461.098
INFO: [Project 1-571] Translating synthesized netlist
Netlist sorting complete. Time (s): cpu = 00:00:00 ; elapsed = 00:00:00.002 . Memory (MB): peak = 940.648 ; gain = 0.000
INFO: [Project 1-570] Preparing netlist for logic optimization
INFO: [Opt 31-138] Pushed 0 inverter(s) to 0 load pin(s).
Netlist sorting complete. Time (s): cpu = 00:00:00 ; elapsed = 00:00:00 . Memory (MB): peak = 1040.699 ; gain = 0.000
INFO: [Project 1-111] Unisim Transformation Summary:
No Unisim elements were transformed.

INFO: [Common 17-83] Releasing license: Synthesis
123 Infos, 40 Warnings, 190 Critical Warnings and 0 Errors encountered.
synth_design completed successfully
synth_design: Time (s): cpu = 00:00:09 ; elapsed = 00:00:11 . Memory (MB): peak = 1040.699 ; gain = 589.008
Netlist sorting complete. Time (s): cpu = 00:00:00 ; elapsed = 00:00:00 . Memory (MB): peak = 1040.699 ; gain = 0.000
WARNING: [Constraints 18-5210] No constraints selected for write.
Resolution: This message can indicate that there are no constraints for the design, or it can indicate that the used_in flags are set such that the constraints are ignored. This later case is used when running synth_design to not write synthesis constraints to the resulting checkpoint. Instead, project constraints are read when the synthesized design is opened.
INFO: [Common 17-1381] The checkpoint 'D:/vivado/Multiplier/Multiplier.runs/synth_3/Top.dcp' has been generated.
INFO: [runtcl-4] Executing : report_utilization -file Top_utilization_synth.rpt -pb Top_utilization_synth.pb
INFO: [Common 17-206] Exiting Vivado at Wed Jan 11 11:07:41 2023...
